LISTING FOR LOGIC DESCRIPTION FILE: EJERCICIO9.pld                   Page 1

CUPL(WM): Universal Compiler for Programmable Logic
Version 5.0a Serial# 60008009
Copyright (c) 1983, 1998 Logical Devices, Inc.
Created Wed Mar 29 15:06:47 2023

  1:Name     Ejercicio9 ;
  2:PartNo   00 ;
  3:Date     29/03/2023 ;
  4:Revision 01 ;
  5:Designer Engineer ;
  6:Company  University of Tulsa ;
  7:Assembly None ;
  8:Location  ;
  9:Device   g22v10 ;
 10:
 11:/* *************** INPUT PINS *********************/
 12:PIN  3    =       !i1                  ; /*                                 */ 
 13:PIN  4    =       !i2                  ; /*                                 */ 
 14:PIN  5    =       !i3                  ; /*                                 */ 
 15:PIN  6    =       !i4                  ; /*                                 */ 
 16:PIN  7    =       !i5                  ; /*                                 */ 
 17:PIN  8    =       !i6                  ; /*                                 */ 
 18:PIN  9    =       !i7                  ; /*                                 */ 
 19:PIN  10   =       !i8                  ; /*                                 */ 
 20:PIN  11   =       !i9                  ; /*                                 */ 
 21:
 22:/* *************** OUTPUT PINS *********************/
 23:PIN   14  =       A                ; /*                                 */ 
 24:PIN   15  =       B                ; /*                                 */ 
 25:PIN   16  =       C                ; /*                                 */ 
 26:PIN   17  =       D                ; /*                                 */ TABLE entradas => salidas {
 27:
 28:
 29:
 30:field entradas =[i1,i2,i3,i4,i5,i6,i7,i8,i9];
        ^
[0007ca] invalid syntax:  field
 31:field salidas  =[A,B,C,D];
 32:
 33:TABLE entradas => salidas {
 34:    'b'000000000 => 'b'1011;
 35:    'b'000000000 => 'b'0110;
 36:    'b'000000001 => 'b'0111;
 37:    'b'000000011 => 'b'0100;
 38:    'b'000000111 => 'b'1001;
 39:    'b'000001111 => 'b'1010;
 40:    'b'000011111 => 'b'1011;
 41:    'b'000111111 => 'b'1100;
 42:    'b'001111111 => 'b'1101;
 43:    'b'011111111 => 'b'1110;}
 44:
 45:
 46:
 47:
 48:
 49:
