LISTING FOR LOGIC DESCRIPTION FILE: PRAC1.pld                        Page 1

CUPL(WM): Universal Compiler for Programmable Logic
Version 5.0a Serial# 60008009
Copyright (c) 1983, 1998 Logical Devices, Inc.
Created Wed Mar 22 01:17:11 2023

  1:Name     PRAC1 ;
  2:PartNo   00 ;
  3:Date     08/03/2023 ;
  4:Revision 01 ;
  5:Designer Engineer ;
  6:Company  UTM ;
  7:Assembly None ;
  8:Location  ;
  9:Device   G22V10 ;
 10:
 11:/* *************** INPUT PINS *********************/
 12:PIN   2  = A                         ; /*                                 */ 
 13:PIN   3  = B                         ; /*                                 */ 
 14:PIN   4  = C                         ; /*                                 */ 
 15:PIN   5  = D                         ; /*                                 */ 
 16:
 17:/* *************** OUTPUT PINS *********************/
 18:PIN     14 =  f1                       ; /*                                 */ 
 19:PIN     15 =  f2                       ; /*                                 */ 
 20:/* *************** funcion de salida *********************/
 21:f1 = (A &(!C))#(A&B&D)#((!B)&C&(!D));
 22:f2 = (C&(!D)&(!B))#(A&(!D)&(!C))#(C&(!A));
 23:
 24:
 25:
 26:



Jedec Fuse Checksum       (2ce6)
Jedec Transmit Checksum   (c27f)
[0007cc] Please note: invalid download format:  ascii-hex
[0007cc] Please note: invalid download format:  hl
