ISim log file
Running: /home/ise/Documents/ISE/P3_EX19/StateMachine_isim_beh.exe -intstyle ise -gui -tclbatch isim.cmd -wdb /home/ise/Documents/ISE/P3_EX19/StateMachine_isim_beh.wdb 
ISim P.20131013 (signature 0xfbc00daa)
----------------------------------------------------------------------
WARNING:Security:42 - Your software subscription period has lapsed. Your current version of Xilinx tools will continue to function, but you no longer qualify for Xilinx software updates or new releases.


----------------------------------------------------------------------
This is a Full version of ISim.
Time resolution is 1 ps
# onerror resume
# wave add /
# run 1000 ns
Simulator is doing circuit initialization process.
Finished circuit initialization process.
# restart
# isim force add /statemachine/clk 0 -radix bin -value 1 -radix bin -time 5 ns -repeat 10 ns
# isim force add /statemachine/clk 0 -radix bin -value 1 -radix bin -time 5 ns -repeat 10 ns
# isim force add /statemachine/reset 0 -radix bin -value 1 -radix bin -time 50 ns -repeat 100 ns
# isim force add /statemachine/reset 0 -radix bin -value 1 -radix bin -time 50 ns -repeat 100 ns
# run 1.00us
Simulator is doing circuit initialization process.
Finished circuit initialization process.
# restart
# isim force add /statemachine/clk 0 -radix bin -value 1 -radix bin -time 2500 ps -repeat 5 ns
# isim force add /statemachine/reset 0 -radix bin -value 1 -radix bin -time 50 ns -repeat 100 ns
# isim force add /statemachine/reset 0 -radix bin -value 1 -radix bin -time 50 ns -repeat 100 ns
# run 1.00us
Simulator is doing circuit initialization process.
Finished circuit initialization process.
# exit 0
