LISTING FOR LOGIC DESCRIPTION FILE: CONTADOR_FFD.pld                 Page 1

CUPL(WM): Universal Compiler for Programmable Logic
Version 5.0a Serial# 60008009
Copyright (c) 1983, 1998 Logical Devices, Inc.
Created Fri Mar 24 06:22:59 2023

  1:Name     Contador_FFD ;
  2:PartNo   00 ;
  3:Date     22/03/2023 ;
  4:Revision 01 ;
  5:Designer Engineer ;
  6:Company  University of Tulsa ;
  7:Assembly None ;
  8:Location  ;
  9:Device   g22v10 ;
 10:
 11:/* *************** INPUT PINS *********************/
 12:PIN  1   =  CLK                       ; /*                                 */ 
 13:PIN  2   =  ASC                       ; /*                                 */ 
 14:PIN  3   =  DES  ;
 15:
 16:/* *************** OUTPUT PINS *********************/
 17:PIN  14   =  q0                       ; /*                                 */ 
 18:PIN  15   =  q1                       ; /*                                 */ 
 19:PIN  16   =  q2  ;
 20:
 21:$define s0 'b'000
 22:$define s1 'b'001 
 23:$define s2 'b'010 
 24:$define s3 'b'011 
 25:$define s4 'b'100 
 26:$define s5 'b'101 
 27:$define s6 'b'110 
 28:$define s7 'b'111 
 29: 
 30:sequence q0, q1, q2{
 31:   present 'b'000 if ASC next 'b'010 ;
 32:   present 'b'010  if ASC next 'b'100 ;
 33:   present 'b'100  if ASC next 'b'110 ;
 34:   present 'b'110  if ASC next 'b'000;
 35:}
 36:sequence q0, q1, q2{
 37:   present 'b'001  if DES next 'b'011 ;
 38:   present 'b'011  if DES next 'b'101 ;
 39:   present 'b'101  if DES next 'b'111 ;
 40:   present 'b'111  if DES next 'b'001 ;   
 41:}
 42:
 43:

[0016cb] Please note: no expression assigned to:  q0.ar
[0016cb] Please note: no expression assigned to:  q0.sp
[0016cb] Please note: no expression assigned to:  q1.ar
[0016cb] Please note: no expression assigned to:  q1.sp
[0016cb] Please note: no expression assigned to:  q2.ar
[0016cb] Please note: no expression assigned to:  q2.sp


Jedec Fuse Checksum       (3584)
Jedec Transmit Checksum   (eaf5)
[0007cc] Please note: invalid download format:  ascii-hex
[0007cc] Please note: invalid download format:  hl
