ISim log file
Running: /home/ise/CompartirISE/FRIDA/FINAL_isim_beh.exe -intstyle ise -gui -tclbatch isim.cmd -wdb /home/ise/CompartirISE/FRIDA/FINAL_isim_beh.wdb 
ISim P.20131013 (signature 0xfbc00daa)
----------------------------------------------------------------------
WARNING:Security:42 - Your software subscription period has lapsed. Your current version of Xilinx tools will continue to function, but you no longer qualify for Xilinx software updates or new releases.


----------------------------------------------------------------------
This is a Full version of ISim.
Time resolution is 1 ps
# onerror resume
# wave add /
# run 1000 ns
Simulator is doing circuit initialization process.
Finished circuit initialization process.
# isim force add /final/ea 0 -radix bin -value 1 -radix bin -time 2 ns -repeat 4 ns
# restart
# isim force add /final/ea 0 -radix bin -value 1 -radix bin -time 2 ns -repeat 4 ns
# isim force add /final/eb 0 -radix bin -value 1 -radix bin -time 1 ns -repeat 2 ns
# isim force add /final/ec 0 -radix bin -value 1 -radix bin -time 500 ps -repeat 1 ns
# isim force add /final/ec 0 -radix bin -value 1 -radix bin -time 500 ps -repeat 1 ns
# run 1.00us
Simulator is doing circuit initialization process.
Finished circuit initialization process.
# restart
# isim force add /final/ea 0 -radix bin -value 1 -radix bin -time 2 ns -repeat 4 ns
# isim force add /final/eb 0 -radix bin -value 1 -radix bin -time 1 ns -repeat 2 ns
# isim force add /final/ec 0 -radix bin -value 1 -radix bin -time 500 ps -repeat 1 ns
# isim force add /final/ec 0 -radix bin -value 1 -radix bin -time 500 ps -repeat 1 ns
# isim force add /final/s 0 -radix bin -value 1 -radix bin -time 6 ns -repeat 12 ns
# isim force add /final/s 0 -radix bin -value 1 -radix bin -time 6 ns -repeat 12 ns
# run 1.00us
Simulator is doing circuit initialization process.
Finished circuit initialization process.
