LISTING FOR LOGIC DESCRIPTION FILE: MUX.pld                          Page 1

CUPL(WM): Universal Compiler for Programmable Logic
Version 5.0a Serial# 60008009
Copyright (c) 1983, 1998 Logical Devices, Inc.
Created Wed Mar 22 12:15:19 2023

  1:Name     E8MUX ;
  2:PartNo   00 ;
  3:Date     21/03/2023 ;
  4:Revision 01 ;
  5:Designer Engineer ;
  6:Company  University of Tulsa ;
  7:Assembly None ;
  8:Location  ;
  9:Device   g22v10 ;
 10:
 11:/* *************** INPUT PINS *********************/
 12:PIN  [2,3,4,5] = [W0,W1,W2,W3]                        ; 
 13:PIN  [6,7]   = [S0,S1]                        ;
 14:
 15:/* *************** OUTPUT PINS *********************/
 16:PIN   14  = F                        ; /*                                 */ 
 17:
 18:F = (S0&S1&W3) # (S1&!S0&W2) # 
 19:(!S1&S0&W1) # (!S1&!S0&W0);
 20:
 21:
 22:
 23:



Jedec Fuse Checksum       (1c65)
Jedec Transmit Checksum   (9a54)
[0007cc] Please note: invalid download format:  ascii-hex
[0007cc] Please note: invalid download format:  hl
