LISTING FOR LOGIC DESCRIPTION FILE: PROBLEMA2.pld                    Page 1

CUPL(WM): Universal Compiler for Programmable Logic
Version 5.0a Serial# 60008009
Copyright (c) 1983, 1998 Logical Devices, Inc.
Created Fri Mar 31 16:27:38 2023

  1:Name     Problema2 ;
  2:PartNo   00 ;
  3:Date     31/03/2023 ;
  4:Revision 01 ;
  5:Designer Engineer ;
  6:Company  University of Tulsa ;
  7:Assembly None ;
  8:Location  ;
  9:Device   g22v10 ;
 10:
 11:
 12:/* *************** INPUT PINS *********************/
 13:PIN   1  = CLK                        ; /*                                 */ 
 14:PIN   2  = J                          ; /*                                 */
 15:PIN   4  = K                               ; /*                                 */
 16:
 17:/* *************** OUTPUT PINS *********************/
 18:PIN  14   = Salida_Q    ;  /*                                 */ 
 19:
 20:
 21:/* ************** REPRESENTACION FFD *****************/
 22:
 23:Salida_Q.D = (Salida_Q &!K) # (!Salida_Q &J);
 24:



